

Version:	3.50
CmdLine:	C:\Users\PC\Downloads\MotorPH Employee App\MotorPH.exe --l4j-debug
JNI:		No
WOW64:		Yes
Working dir:	C:\Users\PC\Downloads\MotorPH Employee App\.
Requires JDK:	No
Requires 64-Bit: No
Java min ver:	1.007.000
Java max ver:	
JRE paths:	C:\Program Files\Java\jdk-19
Check launcher:	C:\Program Files\Java\jdk-19\bin\javaw.exe (OK)
Version string: 1.019.000_001 / 64-Bit (OK)
Launcher:	C:\Program Files\Java\jdk-19\bin\javaw.exe
Launcher args:	-jar "C:\Users\PC\Downloads\MotorPH Employee App\MotorPH.exe"
Args length:	61/32768 chars
Error msg:	An error occurred while starting the application.


Version:	3.50
CmdLine:	C:\Users\PC\Downloads\MotorPH Employee App\MotorPH.exe --l4j-debug
JNI:		No
WOW64:		Yes
Working dir:	C:\Users\PC\Downloads\MotorPH Employee App\.
Requires JDK:	No
Requires 64-Bit: No
Java min ver:	1.007.000
Java max ver:	
JRE paths:	C:\Program Files\Java\jdk-19
Check launcher:	C:\Program Files\Java\jdk-19\bin\javaw.exe (OK)
Version string: 1.019.000_001 / 64-Bit (OK)
Launcher:	C:\Program Files\Java\jdk-19\bin\javaw.exe
Launcher args:	-jar "C:\Users\PC\Downloads\MotorPH Employee App\MotorPH.exe"
Args length:	61/32768 chars
Exit code:	259


Version:	3.50
CmdLine:	C:\Users\PC\Downloads\MotorPH Employee App\MotorPH.exe --l4j-debug
JNI:		No
WOW64:		Yes
Working dir:	C:\Users\PC\Downloads\MotorPH Employee App\.
Requires JDK:	No
Requires 64-Bit: No
Java min ver:	1.007.000
Java max ver:	
JRE paths:	C:\Program Files\Java\jdk-19
Check launcher:	C:\Program Files\Java\jdk-19\bin\javaw.exe (OK)
Version string: 1.019.000_001 / 64-Bit (OK)
Launcher:	C:\Program Files\Java\jdk-19\bin\javaw.exe
Launcher args:	-jar "C:\Users\PC\Downloads\MotorPH Employee App\MotorPH.exe"
Args length:	61/32768 chars
Exit code:	259


Version:	3.50
CmdLine:	C:\Users\PC\Downloads\MotorPH Employee App\MotorPH.exe --l4j-debug
JNI:		No
WOW64:		Yes
Working dir:	C:\Users\PC\Downloads\MotorPH Employee App\.
Requires JDK:	No
Requires 64-Bit: No
Java min ver:	1.007.000
Java max ver:	
JRE paths:	C:\Program Files\Java\jdk-19
Check launcher:	C:\Program Files\Java\jdk-19\bin\javaw.exe (OK)
Version string: 1.019.000_001 / 64-Bit (OK)
Launcher:	C:\Program Files\Java\jdk-19\bin\javaw.exe
Launcher args:	-jar "C:\Users\PC\Downloads\MotorPH Employee App\MotorPH.exe"
Args length:	61/32768 chars
Exit code:	259


Version:	3.50
CmdLine:	C:\Users\PC\Downloads\MotorPH Employee App\MotorPH.exe --l4j-debug
JNI:		No
WOW64:		Yes
Working dir:	C:\Users\PC\Downloads\MotorPH Employee App\.
Requires JDK:	No
Requires 64-Bit: No
Java min ver:	1.007.000
Java max ver:	
JRE paths:	C:\Program Files\Java\jdk-19
Check launcher:	C:\Program Files\Java\jdk-19\bin\javaw.exe (OK)
Version string: 1.019.000_001 / 64-Bit (OK)
Launcher:	C:\Program Files\Java\jdk-19\bin\javaw.exe
Launcher args:	-jar "C:\Users\PC\Downloads\MotorPH Employee App\MotorPH.exe"
Args length:	61/32768 chars
Exit code:	259


Version:	3.50
CmdLine:	C:\Users\PC\Downloads\MotorPH Employee App\MotorPH.exe --l4j-debug
JNI:		No
WOW64:		Yes
Working dir:	C:\Users\PC\Downloads\MotorPH Employee App\.
Requires JDK:	No
Requires 64-Bit: No
Java min ver:	1.007.000
Java max ver:	
JRE paths:	C:\Program Files\Java\jdk-19
Check launcher:	C:\Program Files\Java\jdk-19\bin\javaw.exe (OK)
Version string: 1.019.000_001 / 64-Bit (OK)
Launcher:	C:\Program Files\Java\jdk-19\bin\javaw.exe
Launcher args:	-jar "C:\Users\PC\Downloads\MotorPH Employee App\MotorPH.exe"
Args length:	61/32768 chars
Exit code:	259


Version:	3.50
CmdLine:	C:\Users\PC\Downloads\MotorPH Employee App\MotorPH.exe --l4j-debug
JNI:		No
WOW64:		Yes
Working dir:	C:\Users\PC\Downloads\MotorPH Employee App\.
Requires JDK:	No
Requires 64-Bit: No
Java min ver:	1.007.000
Java max ver:	
JRE paths:	C:\Program Files\Java\jdk-19
Check launcher:	C:\Program Files\Java\jdk-19\bin\javaw.exe (OK)
Version string: 1.019.000_001 / 64-Bit (OK)
Launcher:	C:\Program Files\Java\jdk-19\bin\javaw.exe
Launcher args:	-jar "C:\Users\PC\Downloads\MotorPH Employee App\MotorPH.exe"
Args length:	61/32768 chars
Exit code:	259


Version:	3.50
CmdLine:	C:\Users\PC\Downloads\MotorPH Employee App\MotorPH.exe --l4j-debug
JNI:		No
WOW64:		Yes
Working dir:	C:\Users\PC\Downloads\MotorPH Employee App\.
Requires JDK:	No
Requires 64-Bit: No
Java min ver:	1.007.000
Java max ver:	
JRE paths:	C:\Program Files\Java\jdk-19
Check launcher:	C:\Program Files\Java\jdk-19\bin\javaw.exe (OK)
Version string: 1.019.000_001 / 64-Bit (OK)
Launcher:	C:\Program Files\Java\jdk-19\bin\javaw.exe
Launcher args:	-jar "C:\Users\PC\Downloads\MotorPH Employee App\MotorPH.exe"
Args length:	61/32768 chars
Exit code:	259
